<?xml version="1.0" encoding="UTF-8"?>
<!-- Generated by org.testng.reporters.JUnitReportReporter -->
<testsuite skipped="0" hostname="DESKTOP-NT4IPBJ" name="org.example.testRunner.runners" tests="1" failures="0" timestamp="2022-08-07T17:20:44 EET" time="8.823" errors="0">
  <testcase name="runScenario" time="8.823" classname="org.example.testRunner.runners"/>
  <system-out/>
</testsuite> <!-- org.example.testRunner.runners -->
